[debug] [2026-07-14T18:20:20.866Z] ----------------------------------------------------------------------
[debug] [2026-07-14T18:20:20.869Z] Command:       /usr/local/bin/node /usr/local/bin/firebase init
[debug] [2026-07-14T18:20:20.870Z] CLI Version:   13.27.0
[debug] [2026-07-14T18:20:20.870Z] Platform:      darwin
[debug] [2026-07-14T18:20:20.870Z] Node Version:  v20.17.0
[debug] [2026-07-14T18:20:20.870Z] Time:          Tue Jul 14 2026 19:20:20 GMT+0100 (British Summer Time)
[debug] [2026-07-14T18:20:20.870Z] ----------------------------------------------------------------------
[debug] 
[debug] [2026-07-14T18:20:20.873Z] >>> [apiv2][query] GET https://firebase-public.firebaseio.com/cli.json [none]
[debug] [2026-07-14T18:20:21.002Z] > command requires scopes: ["email","openid","https://www.googleapis.com/auth/cloudplatformprojects.readonly","https://www.googleapis.com/auth/firebase","https://www.googleapis.com/auth/cloud-platform"]
[debug] [2026-07-14T18:20:21.002Z] > authorizing via signed-in user (mattysmithuk@googlemail.com)
[info] 
     ######## #### ########  ######## ########     ###     ######  ########
     ##        ##  ##     ## ##       ##     ##  ##   ##  ##       ##
     ######    ##  ########  ######   ########  #########  ######  ######
     ##        ##  ##    ##  ##       ##     ## ##     ##       ## ##
     ##       #### ##     ## ######## ########  ##     ##  ######  ########

You're about to initialize a Firebase project in this directory:

  /Users/mattsmith/Documents/Development/grimme-quiz

[debug] [2026-07-14T18:20:21.366Z] <<< [apiv2][status] GET https://firebase-public.firebaseio.com/cli.json 200
[debug] [2026-07-14T18:20:21.366Z] <<< [apiv2][body] GET https://firebase-public.firebaseio.com/cli.json {"cloudBuildErrorAfter":1594252800000,"cloudBuildWarnAfter":1590019200000,"defaultNode10After":1594252800000,"minVersion":"3.0.5","node8DeploysDisabledAfter":1613390400000,"node8RuntimeDisabledAfter":1615809600000,"node8WarnAfter":1600128000000}
[info] 
=== Project Setup
[info] 
[info] First, let's associate this project directory with a Firebase project.
[info] You can create multiple project aliases by running firebase use --add, 
[info] but for now we'll just set up a default project.
[info] 
[info] i  If you want to create a project in a Google Cloud organization or folder, please use "firebase projects:create" instead, and return to this command when you've created the project. 
[debug] [2026-07-14T18:20:47.969Z] Checked if tokens are valid: false, expires at: 1732470079663
[debug] [2026-07-14T18:20:47.970Z] Checked if tokens are valid: false, expires at: 1732470079663
[debug] [2026-07-14T18:20:47.970Z] > refreshing access token with scopes: []
[debug] [2026-07-14T18:20:47.971Z] >>> [apiv2][query] POST https://www.googleapis.com/oauth2/v3/token [none]
[debug] [2026-07-14T18:20:47.971Z] >>> [apiv2][body] POST https://www.googleapis.com/oauth2/v3/token [omitted]
[debug] [2026-07-14T18:20:48.080Z] <<< [apiv2][status] POST https://www.googleapis.com/oauth2/v3/token 400
[debug] [2026-07-14T18:20:48.081Z] <<< [apiv2][body] POST https://www.googleapis.com/oauth2/v3/token [omitted]
[debug] [2026-07-14T18:20:48.081Z] >>> [apiv2][query] POST https://cloudresourcemanager.googleapis.com/v1/projects [none]
[debug] [2026-07-14T18:20:48.081Z] >>> [apiv2][body] POST https://cloudresourcemanager.googleapis.com/v1/projects {"projectId":"grimmequiz","name":"grimmequiz"}
[debug] [2026-07-14T18:20:48.264Z] <<< [apiv2][status] POST https://cloudresourcemanager.googleapis.com/v1/projects 401
[debug] [2026-07-14T18:20:48.264Z] <<< [apiv2][body] POST https://cloudresourcemanager.googleapis.com/v1/projects {"error":{"code":401,"message":"Request had invalid authentication credentials. Expected OAuth 2 access token, login cookie or other valid authentication credential. See https://developers.google.com/identity/sign-in/web/devconsole-project.","status":"UNAUTHENTICATED","details":[{"@type":"type.googleapis.com/google.rpc.ErrorInfo","reason":"ACCESS_TOKEN_TYPE_UNSUPPORTED","metadata":{"method":"google.cloudresourcemanager.v1.Projects.CreateProject","service":"cloudresourcemanager.googleapis.com"}}]}}
[debug] [2026-07-14T18:20:48.264Z] Got a 401 Unauthenticated error for a call that required authentication. Refreshing tokens.
[debug] [2026-07-14T18:20:48.264Z] Checked if tokens are valid: false, expires at: 1732470079663
[debug] [2026-07-14T18:20:48.264Z] Checked if tokens are valid: false, expires at: 1732470079663
[debug] [2026-07-14T18:20:48.264Z] > refreshing access token with scopes: []
[debug] [2026-07-14T18:20:48.264Z] >>> [apiv2][query] POST https://www.googleapis.com/oauth2/v3/token [none]
[debug] [2026-07-14T18:20:48.264Z] >>> [apiv2][body] POST https://www.googleapis.com/oauth2/v3/token [omitted]
[debug] [2026-07-14T18:20:48.380Z] <<< [apiv2][status] POST https://www.googleapis.com/oauth2/v3/token 400
[debug] [2026-07-14T18:20:48.381Z] <<< [apiv2][body] POST https://www.googleapis.com/oauth2/v3/token [omitted]
[debug] [2026-07-14T18:20:48.384Z] FirebaseError: Request to https://cloudresourcemanager.googleapis.com/v1/projects had HTTP Error: 401, Request had invalid authentication credentials. Expected OAuth 2 access token, login cookie or other valid authentication credential. See https://developers.google.com/identity/sign-in/web/devconsole-project.
    at responseToError (/usr/local/lib/node_modules/firebase-tools/lib/responseToError.js:52:12)
    at RetryOperation._fn (/usr/local/lib/node_modules/firebase-tools/lib/apiv2.js:312:77)
    at process.processTicksAndRejections (node:internal/process/task_queues:95:5)
[error] 
[error] Error: Failed to create project. See firebase-debug.log for more info.
